<?xml version="1.0" encoding="UTF-8"?>
<!-- Generated by org.testng.reporters.JUnitXMLReporter -->
<testsuite hostname="OSIT-L-0463" ignored="0" name="Default test" tests="3" failures="0" timestamp="02 Apr 2017 03:32:47 GMT" time="28.802" errors="0">
  <testcase name="doLogin" time="27.629" classname="com.omayo.hybrid.testcases.GmailLogin"/>
  <testcase name="doLogin" time="0.002" classname="com.omayo.hybrid.testcases.GmailLogin">
    <skipped/>
  </testcase> <!-- doLogin -->
  <testcase name="doLogin" time="0.003" classname="com.omayo.hybrid.testcases.GmailLogin">
    <skipped/>
  </testcase> <!-- doLogin -->
</testsuite> <!-- Default test -->
